app/build/outputs/logs/manifest-merger-debug-report.txt
-- Merging decision tree log ---
manifest
ADDED from src/main/AndroidManifest.xml:2:1-29:12
	package
		ADDED from src/main/AndroidManifest.xml:3:5-47
		INJECTED from src/main/AndroidManifest.xml
		INJECTED from src/main/AndroidManifest.xml
	android:versionName
		ADDED from src/main/AndroidManifest.xml:5:5-30
		INJECTED from src/main/AndroidManifest.xml
		INJECTED from src/main/AndroidManifest.xml
	android:versionCode
		ADDED from src/main/AndroidManifest.xml:4:5-28
		INJECTED from src/main/AndroidManifest.xml
		INJECTED from src/main/AndroidManifest.xml
	xmlns:android
		ADDED from src/main/AndroidManifest.xml:2:11-69
uses-sdk
ADDED from src/main/AndroidManifest.xml:7:5-9:41
MERGED from [com.openxcplatform:library:6.1.6] AndroidManifest.xml:5:5-7:41
	android:targetSdkVersion
		ADDED from src/main/AndroidManifest.xml:9:9-38
		INJECTED from src/main/AndroidManifest.xml
		INJECTED from src/main/AndroidManifest.xml
	android:minSdkVersion
		ADDED from src/main/AndroidManifest.xml:8:9-35
		INJECTED from src/main/AndroidManifest.xml
		INJECTED from src/main/AndroidManifest.xml
application
ADDED from src/main/AndroidManifest.xml:11:5-27:19
MERGED from [com.openxcplatform:library:6.1.6] AndroidManifest.xml:9:5-17:19
	android:label
		ADDED from src/main/AndroidManifest.xml:14:9-41
	android:allowBackup
		ADDED from src/main/AndroidManifest.xml:12:9-35
	android:icon
		ADDED from src/main/AndroidManifest.xml:13:9-45
	android:theme
		ADDED from src/main/AndroidManifest.xml:15:9-40
activity#com.openxc.openxcstarter.StarterActivity
ADDED from src/main/AndroidManifest.xml:16:9-24:20
	android:label
		ADDED from src/main/AndroidManifest.xml:18:13-45
	android:name
		ADDED from src/main/AndroidManifest.xml:17:13-68
intent-filter#android.intent.action.MAIN+android.intent.category.LAUNCHER
ADDED from src/main/AndroidManifest.xml:19:13-23:29
action#android.intent.action.MAIN
ADDED from src/main/AndroidManifest.xml:20:17-69
	android:name
		ADDED from src/main/AndroidManifest.xml:20:25-66
category#android.intent.category.LAUNCHER
ADDED from src/main/AndroidManifest.xml:22:17-77
	android:name
		ADDED from src/main/AndroidManifest.xml:22:27-74
service#com.openxc.VehicleManager
ADDED from src/main/AndroidManifest.xml:26:9-60
MERGED from [com.openxcplatform:library:6.1.6] AndroidManifest.xml:10:9-61
	android:name
		ADDED from src/main/AndroidManifest.xml:26:18-58
service#com.openxc.remote.VehicleService
ADDED from [com.openxcplatform:library:6.1.6] AndroidManifest.xml:11:9-14:41
	android:process
		ADDED from [com.openxcplatform:library:6.1.6] AndroidManifest.xml:14:13-38
	android:exported
		ADDED from [com.openxcplatform:library:6.1.6] AndroidManifest.xml:13:13-36
	android:name
		ADDED from [com.openxcplatform:library:6.1.6] AndroidManifest.xml:12:13-60
activity#com.openxc.interfaces.usb.UsbDeviceAttachmentActivity
ADDED from [com.openxcplatform:library:6.1.6] AndroidManifest.xml:16:9-90
	android:name
		ADDED from [com.openxcplatform:library:6.1.6] AndroidManifest.xml:16:19-87